<?xml version="1.0" encoding="UTF-8"?>
<testsuite xmlns:xsi="http://www.w3.org/2001/XMLSchema-instance" xsi:noNamespaceSchemaLocation="https://maven.apache.org/surefire/maven-surefire-plugin/xsd/surefire-test-report-3.0.xsd" version="3.0" name="com.booking.cab.web.integration.BookingControllerTest" time="1.142" tests="2" errors="0" skipped="0" failures="0">
  <properties>
[...]
</properties>
  <testcase name="requestBooking" classname="com.booking.cab.web.integration.BookingControllerTest" time="0.225">
    <system-out><![CDATA[2025-10-01T11:57:35.301-06:00  INFO 51416 --- [           main] t.c.s.AnnotationConfigContextLoaderUtils : Could not detect default configuration classes for test class [com.booking.cab.web.integration.BookingControllerTest]: BookingControllerTest does not declare any static, non-private, non-final, nested classes annotated with @Configuration.
2025-10-01T11:57:35.318-06:00  INFO 51416 --- [           main] .b.t.c.SpringBootTestContextBootstrapper : Found @SpringBootConfiguration com.booking.cab.CabBookingSystemApplication for test class com.booking.cab.web.integration.BookingControllerTest
2025-10-01T11:57:35.328-06:00  INFO 51416 --- [           main] o.s.b.d.r.RestartApplicationListener     : Restart disabled due to context in which it is running

  .   ____          _            __ _ _
 /\\ / ___'_ __ _ _(_)_ __  __ _ \ \ \ \
( ( )\___ | '_ | '_| | '_ \/ _` | \ \ \ \
 \\/  ___)| |_)| | | | | || (_| |  ) ) ) )
  '  |____| .__|_| |_|_| |_\__, | / / / /
 =========|_|==============|___/=/_/_/_/
 :: Spring Boot ::                (v3.2.5)

2025-10-01T11:57:35.366-06:00  INFO 51416 --- [           main] c.b.c.w.i.BookingControllerTest          : Starting BookingControllerTest using Java 21.0.2 with PID 51416 (started by moonlight in C:\Users\moonlight\Desktop\cab-booking\backend\booking-service)
2025-10-01T11:57:35.366-06:00  INFO 51416 --- [           main] c.b.c.w.i.BookingControllerTest          : No active profile set, falling back to 1 default profile: "default"
2025-10-01T11:57:35.662-06:00  INFO 51416 --- [           main] .s.d.r.c.RepositoryConfigurationDelegate : Bootstrapping Spring Data JPA repositories in DEFAULT mode.
2025-10-01T11:57:35.679-06:00  INFO 51416 --- [           main] .s.d.r.c.RepositoryConfigurationDelegate : Finished Spring Data repository scanning in 16 ms. Found 2 JPA repository interfaces.
2025-10-01T11:57:35.719-06:00  INFO 51416 --- [           main] beddedDataSourceBeanFactoryPostProcessor : Replacing 'dataSource' DataSource bean with embedded version
2025-10-01T11:57:35.751-06:00  INFO 51416 --- [           main] o.s.j.d.e.EmbeddedDatabaseFactory        : Starting embedded database: url='jdbc:h2:mem:e93eae9b-9a2f-4b89-8bf8-ab4209fad20b;DB_CLOSE_DELAY=-1;DB_CLOSE_ON_EXIT=false', username='sa'
2025-10-01T11:57:35.771-06:00  INFO 51416 --- [           main] o.hibernate.jpa.internal.util.LogHelper  : HHH000204: Processing PersistenceUnitInfo [name: default]
2025-10-01T11:57:35.776-06:00  INFO 51416 --- [           main] o.h.c.internal.RegionFactoryInitiator    : HHH000026: Second-level cache disabled
2025-10-01T11:57:35.782-06:00  INFO 51416 --- [           main] o.s.o.j.p.SpringPersistenceUnitInfo      : No LoadTimeWeaver setup: ignoring JPA class transformer
2025-10-01T11:57:35.872-06:00  INFO 51416 --- [           main] o.h.e.t.j.p.i.JtaPlatformInitiator       : HHH000489: No JTA platform available (set 'hibernate.transaction.jta.platform' to enable JTA platform integration)
2025-10-01T11:57:35.880-06:00  INFO 51416 --- [           main] j.LocalContainerEntityManagerFactoryBean : Initialized JPA EntityManagerFactory for persistence unit 'default'
2025-10-01T11:57:35.952-06:00  WARN 51416 --- [           main] JpaBaseConfiguration$JpaWebConfiguration : spring.jpa.open-in-view is enabled by default. Therefore, database queries may be performed during view rendering. Explicitly configure spring.jpa.open-in-view to disable this warning
2025-10-01T11:57:36.033-06:00  INFO 51416 --- [           main] o.s.s.web.DefaultSecurityFilterChain     : Will secure any request with [org.springframework.security.web.session.DisableEncodeUrlFilter@4f1cb802, org.springframework.security.web.context.request.async.WebAsyncManagerIntegrationFilter@1077a7, org.springframework.security.web.context.SecurityContextHolderFilter@676c3745, org.springframework.security.web.header.HeaderWriterFilter@794daa09, org.springframework.web.filter.CorsFilter@6e0fd2dc, org.springframework.security.web.authentication.logout.LogoutFilter@14d5b2ac, org.springframework.security.oauth2.server.resource.web.authentication.BearerTokenAuthenticationFilter@766534b0, org.springframework.security.web.savedrequest.RequestCacheAwareFilter@6cbbfe03, org.springframework.security.web.servletapi.SecurityContextHolderAwareRequestFilter@78b20c7f, org.springframework.security.web.authentication.AnonymousAuthenticationFilter@3110bb19, org.springframework.security.web.session.SessionManagementFilter@796267e8, org.springframework.security.web.access.ExceptionTranslationFilter@27959922, org.springframework.security.web.access.intercept.AuthorizationFilter@4f142cbd]
2025-10-01T11:57:36.140-06:00  INFO 51416 --- [           main] o.s.b.t.m.w.SpringBootMockServletContext : Initializing Spring TestDispatcherServlet ''
2025-10-01T11:57:36.140-06:00  INFO 51416 --- [           main] o.s.t.web.servlet.TestDispatcherServlet  : Initializing Servlet ''
2025-10-01T11:57:36.141-06:00  INFO 51416 --- [           main] o.s.t.web.servlet.TestDispatcherServlet  : Completed initialization in 1 ms
2025-10-01T11:57:36.146-06:00  INFO 51416 --- [           main] c.b.c.w.i.BookingControllerTest          : Started BookingControllerTest in 0.819 seconds (process running for 7.514)

MockHttpServletRequest:
      HTTP Method = POST
      Request URI = /booking/request
       Parameters = {_csrf=[CK-TLvgtZ-nsT25eVbcrxJ3S1H-L-NGF0g59CpLpkZ-Zbl0PbMvxGs8UBtnBfVc8M5of8KTl-UfuyrOotG9Eb6PdpPyhXGg4]}
          Headers = [Content-Type:"application/json;charset=UTF-8", Content-Length:"127"]
             Body = {"id":0,"userId":0,"pickUpLatitude":39.7294,"pickUpLongitude":-104.8319,"dropOffLatitude":39.7392,"dropOffLongitude":-104.9903}
    Session Attrs = {}

Handler:
             Type = com.booking.cab.web.BookingController
           Method = com.booking.cab.web.BookingController#requestBooking(BookingRequest, Jwt)

Async:
    Async started = false
     Async result = null

Resolved Exception:
             Type = null

ModelAndView:
        View name = null
             View = null
            Model = null

FlashMap:
       Attributes = null

MockHttpServletResponse:
           Status = 201
    Error message = null
          Headers = [Vary:"Origin", "Access-Control-Request-Method", "Access-Control-Request-Headers", Location:"http://localhost/booking/request/0", X-Content-Type-Options:"nosniff", X-XSS-Protection:"0", Cache-Control:"no-cache, no-store, max-age=0, must-revalidate", Pragma:"no-cache", Expires:"0", X-Frame-Options:"DENY"]
     Content type = null
             Body = 
    Forwarded URL = null
   Redirected URL = http://localhost/booking/request/0
          Cookies = []
]]></system-out>
  </testcase>
  <testcase name="getBookingsForUser" classname="com.booking.cab.web.integration.BookingControllerTest" time="0.063">
    <system-out><![CDATA[
MockHttpServletRequest:
      HTTP Method = GET
      Request URI = /booking
       Parameters = {}
          Headers = []
             Body = null
    Session Attrs = {}

Handler:
             Type = com.booking.cab.web.BookingController
           Method = com.booking.cab.web.BookingController#get(Jwt)

Async:
    Async started = false
     Async result = null

Resolved Exception:
             Type = null

ModelAndView:
        View name = null
             View = null
            Model = null

FlashMap:
       Attributes = null

MockHttpServletResponse:
           Status = 200
    Error message = null
          Headers = [Vary:"Origin", "Access-Control-Request-Method", "Access-Control-Request-Headers", Content-Type:"application/json", X-Content-Type-Options:"nosniff", X-XSS-Protection:"0", Cache-Control:"no-cache, no-store, max-age=0, must-revalidate", Pragma:"no-cache", Expires:"0", X-Frame-Options:"DENY"]
     Content type = application/json
             Body = [{"id":0,"userId":1,"driver":{"id":1,"name":"Alpha","location":{"latitude":39.7294,"longitude":-104.8319}},"pickUp":{"latitude":39.7294,"longitude":-104.8319},"dropOff":{"latitude":39.7392,"longitude":-104.9903},"eta":"2025-10-01T12:11:39.3052"},{"id":1,"userId":1,"driver":{"id":1,"name":"Alpha","location":{"latitude":39.7294,"longitude":-104.8319}},"pickUp":{"latitude":39.7392,"longitude":-104.9903},"dropOff":{"latitude":39.7294,"longitude":-104.8319},"eta":"2000-01-01T20:00:00"}]
    Forwarded URL = null
   Redirected URL = null
          Cookies = []
]]></system-out>
  </testcase>
</testsuite>